# JRE version: OpenJDK Runtime Environment (8.0_202) (build 1.8.0_202-release-1483-b49-5587405)
# Java VM: OpenJDK 64-Bit Server VM (25.202-b49-5587405 mixed mode bsd-amd64 compressed oops)
Heap:
 PSYoungGen      total 261632K, used 168176K [0x00000007a0000000, 0x00000007b6300000, 0x00000007c0000000)
  eden space 159744K, 100% used [0x00000007a0000000,0x00000007a9c00000,0x00000007a9c00000)
  from space 101888K, 8% used [0x00000007aff80000,0x00000007b07bc238,0x00000007b6300000)
  to   space 101888K, 23% used [0x00000007a9c00000,0x00000007ab357380,0x00000007aff80000)
 ParOldGen       total 199168K, used 102065K [0x0000000760000000, 0x000000076c280000, 0x00000007a0000000)
  object space 199168K, 51% used [0x0000000760000000,0x00000007663ac418,0x000000076c280000)
 Metaspace       used 92895K, capacity 97292K, committed 97368K, reserved 1134592K
  class space    used 11793K, capacity 12625K, committed 12672K, reserved 1048576K
GC Heap History (10 events):
Event: 2314.698 GC heap after
Heap after GC invocations=81 (full 8):
 PSYoungGen      total 220160K, used 44071K [0x00000007a0000000, 0x00000007b2c80000, 0x00000007c0000000)
  eden space 140288K, 0% used [0x00000007a0000000,0x00000007a0000000,0x00000007a8900000)
  from space 79872K, 55% used [0x00000007a8900000,0x00000007ab409fa8,0x00000007ad700000)
  to   space 78848K, 0% used [0x00000007adf80000,0x00000007adf80000,0x00000007b2c80000)
 ParOldGen       total 179200K, used 128954K [0x0000000760000000, 0x000000076af00000, 0x00000007a0000000)
  object space 179200K, 71% used [0x0000000760000000,0x0000000767deeb68,0x000000076af00000)
 Metaspace       used 92500K, capacity 96624K, committed 96856K, reserved 1134592K
  class space    used 11755K, capacity 12557K, committed 12672K, reserved 1048576K
}
Event: 2319.875 GC heap before
{Heap before GC invocations=82 (full 8):
 PSYoungGen      total 220160K, used 184359K [0x00000007a0000000, 0x00000007b2c80000, 0x00000007c0000000)
  eden space 140288K, 100% used [0x00000007a0000000,0x00000007a8900000,0x00000007a8900000)
  from space 79872K, 55% used [0x00000007a8900000,0x00000007ab409fa8,0x00000007ad700000)
  to   space 78848K, 0% used [0x00000007adf80000,0x00000007adf80000,0x00000007b2c80000)
 ParOldGen       total 179200K, used 128954K [0x0000000760000000, 0x000000076af00000, 0x00000007a0000000)
  object space 179200K, 71% used [0x0000000760000000,0x0000000767deeb68,0x000000076af00000)
 Metaspace       used 92591K, capacity 96700K, committed 96856K, reserved 1134592K
  class space    used 11756K, capacity 12559K, committed 12672K, reserved 1048576K
Event: 2319.967 GC heap after
Heap after GC invocations=82 (full 8):
 PSYoungGen      total 226304K, used 53063K [0x00000007a0000000, 0x00000007b3100000, 0x00000007c0000000)
  eden space 147456K, 0% used [0x00000007a0000000,0x00000007a0000000,0x00000007a9000000)
  from space 78848K, 67% used [0x00000007adf80000,0x00000007b1351d80,0x00000007b2c80000)
  to   space 81408K, 0% used [0x00000007a9000000,0x00000007a9000000,0x00000007adf80000)
 ParOldGen       total 179200K, used 128962K [0x0000000760000000, 0x000000076af00000, 0x00000007a0000000)
  object space 179200K, 71% used [0x0000000760000000,0x0000000767df0b68,0x000000076af00000)
 Metaspace       used 92591K, capacity 96700K, committed 96856K, reserved 1134592K
  class space    used 11756K, capacity 12559K, committed 12672K, reserved 1048576K
}
Event: 2321.798 GC heap before
{Heap before GC invocations=83 (full 8):
 PSYoungGen      total 226304K, used 200393K [0x00000007a0000000, 0x00000007b3100000, 0x00000007c0000000)
  eden space 147456K, 99% used [0x00000007a0000000,0x00000007a8fe06d8,0x00000007a9000000)
  from space 78848K, 67% used [0x00000007adf80000,0x00000007b1351d80,0x00000007b2c80000)
  to   space 81408K, 0% used [0x00000007a9000000,0x00000007a9000000,0x00000007adf80000)
 ParOldGen       total 179200K, used 128962K [0x0000000760000000, 0x000000076af00000, 0x00000007a0000000)
  object space 179200K, 71% used [0x0000000760000000,0x0000000767df0b68,0x000000076af00000)
 Metaspace       used 92611K, capacity 96700K, committed 96856K, reserved 1134592K
  class space    used 11757K, capacity 12559K, committed 12672K, reserved 1048576K
Event: 2321.954 GC heap after
Heap after GC invocations=83 (full 8):
 PSYoungGen      total 228864K, used 81383K [0x00000007a0000000, 0x00000007b6300000, 0x00000007c0000000)
  eden space 147456K, 0% used [0x00000007a0000000,0x00000007a0000000,0x00000007a9000000)
  from space 81408K, 99% used [0x00000007a9000000,0x00000007adf79c60,0x00000007adf80000)
  to   space 101888K, 0% used [0x00000007aff80000,0x00000007aff80000,0x00000007b6300000)
 ParOldGen       total 179200K, used 151763K [0x0000000760000000, 0x000000076af00000, 0x00000007a0000000)
  object space 179200K, 84% used [0x0000000760000000,0x0000000769434d80,0x000000076af00000)
 Metaspace       used 92611K, capacity 96700K, committed 96856K, reserved 1134592K
  class space    used 11757K, capacity 12559K, committed 12672K, reserved 1048576K
}
Event: 2321.954 GC heap before
{Heap before GC invocations=84 (full 9):
 PSYoungGen      total 228864K, used 81383K [0x00000007a0000000, 0x00000007b6300000, 0x00000007c0000000)
  eden space 147456K, 0% used [0x00000007a0000000,0x00000007a0000000,0x00000007a9000000)
  from space 81408K, 99% used [0x00000007a9000000,0x00000007adf79c60,0x00000007adf80000)
  to   space 101888K, 0% used [0x00000007aff80000,0x00000007aff80000,0x00000007b6300000)
 ParOldGen       total 179200K, used 151763K [0x0000000760000000, 0x000000076af00000, 0x00000007a0000000)
  object space 179200K, 84% used [0x0000000760000000,0x0000000769434d80,0x000000076af00000)
 Metaspace       used 92611K, capacity 96700K, committed 96856K, reserved 1134592K
  class space    used 11757K, capacity 12559K, committed 12672K, reserved 1048576K
Event: 2322.515 GC heap after
Heap after GC invocations=84 (full 9):
 PSYoungGen      total 228864K, used 0K [0x00000007a0000000, 0x00000007b6300000, 0x00000007c0000000)
  eden space 147456K, 0% used [0x00000007a0000000,0x00000007a0000000,0x00000007a9000000)
  from space 81408K, 0% used [0x00000007a9000000,0x00000007a9000000,0x00000007adf80000)
  to   space 101888K, 0% used [0x00000007aff80000,0x00000007aff80000,0x00000007b6300000)
 ParOldGen       total 199168K, used 102049K [0x0000000760000000, 0x000000076c280000, 0x00000007a0000000)
  object space 199168K, 51% used [0x0000000760000000,0x00000007663a8418,0x000000076c280000)
 Metaspace       used 92611K, capacity 96700K, committed 96856K, reserved 1134592K
  class space    used 11757K, capacity 12559K, committed 12672K, reserved 1048576K
}
Event: 2578.698 GC heap before
{Heap before GC invocations=85 (full 9):
 PSYoungGen      total 228864K, used 147456K [0x00000007a0000000, 0x00000007b6300000, 0x00000007c0000000)
  eden space 147456K, 100% used [0x00000007a0000000,0x00000007a9000000,0x00000007a9000000)
  from space 81408K, 0% used [0x00000007a9000000,0x00000007a9000000,0x00000007adf80000)
  to   space 101888K, 0% used [0x00000007aff80000,0x00000007aff80000,0x00000007b6300000)
 ParOldGen       total 199168K, used 102049K [0x0000000760000000, 0x000000076c280000, 0x00000007a0000000)
  object space 199168K, 51% used [0x0000000760000000,0x00000007663a8418,0x000000076c280000)
 Metaspace       used 92718K, capacity 96794K, committed 97112K, reserved 1134592K
  class space    used 11760K, capacity 12564K, committed 12672K, reserved 1048576K
Event: 2578.736 GC heap after
Heap after GC invocations=85 (full 9):
 PSYoungGen      total 261632K, used 8432K [0x00000007a0000000, 0x00000007b6300000, 0x00000007c0000000)
  eden space 159744K, 0% used [0x00000007a0000000,0x00000007a0000000,0x00000007a9c00000)
  from space 101888K, 8% used [0x00000007aff80000,0x00000007b07bc238,0x00000007b6300000)
  to   space 101888K, 0% used [0x00000007a9c00000,0x00000007a9c00000,0x00000007aff80000)
 ParOldGen       total 199168K, used 102057K [0x0000000760000000, 0x000000076c280000, 0x00000007a0000000)
  object space 199168K, 51% used [0x0000000760000000,0x00000007663aa418,0x000000076c280000)
 Metaspace       used 92718K, capacity 96794K, committed 97112K, reserved 1134592K
  class space    used 11760K, capacity 12564K, committed 12672K, reserved 1048576K
}
Event: 2593.027 GC heap before
{Heap before GC invocations=86 (full 9):
 PSYoungGen      total 261632K, used 168176K [0x00000007a0000000, 0x00000007b6300000, 0x00000007c0000000)
  eden space 159744K, 100% used [0x00000007a0000000,0x00000007a9c00000,0x00000007a9c00000)
  from space 101888K, 8% used [0x00000007aff80000,0x00000007b07bc238,0x00000007b6300000)
  to   space 101888K, 0% used [0x00000007a9c00000,0x00000007a9c00000,0x00000007aff80000)
 ParOldGen       total 199168K, used 102057K [0x0000000760000000, 0x000000076c280000, 0x00000007a0000000)
  object space 199168K, 51% used [0x0000000760000000,0x00000007663aa418,0x000000076c280000)
 Metaspace       used 92895K, capacity 97292K, committed 97368K, reserved 1134592K
  class space    used 11793K, capacity 12625K, committed 12672K, reserved 1048576K

